{"C:\\Users\\leong\\MeuProjetoFinanceiro\\SystemFinance\\backend\\src\\controllers\\transactionsController.js": {"path":"C:\\Users\\leong\\MeuProjetoFinanceiro\\SystemFinance\\backend\\src\\controllers\\transactionsController.js","statementMap":{"0":{"start":{"line":1,"column":11},"end":{"line":1,"column":30}},"1":{"start":{"line":5,"column":17},"end":{"line":5,"column":27}},"2":{"start":{"line":6,"column":54},"end":{"line":6,"column":62}},"3":{"start":{"line":8,"column":2},"end":{"line":10,"column":3}},"4":{"start":{"line":9,"column":4},"end":{"line":9,"column":82}},"5":{"start":{"line":11,"column":2},"end":{"line":13,"column":3}},"6":{"start":{"line":12,"column":4},"end":{"line":12,"column":101}},"7":{"start":{"line":15,"column":2},"end":{"line":27,"column":3}},"8":{"start":{"line":16,"column":27},"end":{"line":19,"column":5}},"9":{"start":{"line":20,"column":4},"end":{"line":23,"column":7}},"10":{"start":{"line":25,"column":4},"end":{"line":25,"column":57}},"11":{"start":{"line":26,"column":4},"end":{"line":26,"column":67}},"12":{"start":{"line":32,"column":17},"end":{"line":32,"column":27}},"13":{"start":{"line":34,"column":41},"end":{"line":34,"column":50}},"14":{"start":{"line":35,"column":18},"end":{"line":35,"column":36}},"15":{"start":{"line":36,"column":19},"end":{"line":36,"column":38}},"16":{"start":{"line":37,"column":17},"end":{"line":37,"column":41}},"17":{"start":{"line":39,"column":20},"end":{"line":39,"column":46}},"18":{"start":{"line":40,"column":21},"end":{"line":40,"column":37}},"19":{"start":{"line":42,"column":2},"end":{"line":45,"column":3}},"20":{"start":{"line":43,"column":4},"end":{"line":43,"column":59}},"21":{"start":{"line":44,"column":4},"end":{"line":44,"column":27}},"22":{"start":{"line":46,"column":22},"end":{"line":46,"column":48}},"23":{"start":{"line":48,"column":2},"end":{"line":73,"column":3}},"24":{"start":{"line":49,"column":30},"end":{"line":54,"column":5}},"25":{"start":{"line":55,"column":31},"end":{"line":55,"column":77}},"26":{"start":{"line":57,"column":23},"end":{"line":57,"column":80}},"27":{"start":{"line":58,"column":24},"end":{"line":58,"column":65}},"28":{"start":{"line":59,"column":24},"end":{"line":59,"column":63}},"29":{"start":{"line":61,"column":23},"end":{"line":61,"column":62}},"30":{"start":{"line":62,"column":23},"end":{"line":62,"column":55}},"31":{"start":{"line":64,"column":4},"end":{"line":69,"column":7}},"32":{"start":{"line":71,"column":4},"end":{"line":71,"column":69}},"33":{"start":{"line":72,"column":4},"end":{"line":72,"column":67}},"34":{"start":{"line":78,"column":17},"end":{"line":78,"column":27}},"35":{"start":{"line":80,"column":2},"end":{"line":122,"column":3}},"36":{"start":{"line":81,"column":25},"end":{"line":87,"column":7}},"37":{"start":{"line":88,"column":19},"end":{"line":88,"column":57}},"38":{"start":{"line":92,"column":4},"end":{"line":96,"column":5}},"39":{"start":{"line":95,"column":8},"end":{"line":95,"column":75}},"40":{"start":{"line":99,"column":20},"end":{"line":99,"column":34}},"41":{"start":{"line":100,"column":26},"end":{"line":100,"column":60}},"42":{"start":{"line":101,"column":26},"end":{"line":101,"column":60}},"43":{"start":{"line":102,"column":18},"end":{"line":102,"column":47}},"44":{"start":{"line":105,"column":25},"end":{"line":105,"column":26}},"45":{"start":{"line":106,"column":4},"end":{"line":108,"column":5}},"46":{"start":{"line":107,"column":6},"end":{"line":107,"column":53}},"47":{"start":{"line":109,"column":4},"end":{"line":111,"column":5}},"48":{"start":{"line":110,"column":6},"end":{"line":110,"column":25}},"49":{"start":{"line":113,"column":4},"end":{"line":118,"column":7}},"50":{"start":{"line":120,"column":4},"end":{"line":120,"column":62}},"51":{"start":{"line":121,"column":4},"end":{"line":121,"column":67}},"52":{"start":{"line":127,"column":17},"end":{"line":127,"column":27}},"53":{"start":{"line":128,"column":17},"end":{"line":128,"column":27}},"54":{"start":{"line":130,"column":2},"end":{"line":144,"column":3}},"55":{"start":{"line":131,"column":19},"end":{"line":134,"column":5}},"56":{"start":{"line":136,"column":4},"end":{"line":138,"column":5}},"57":{"start":{"line":137,"column":6},"end":{"line":137,"column":116}},"58":{"start":{"line":140,"column":4},"end":{"line":140,"column":72}},"59":{"start":{"line":142,"column":4},"end":{"line":142,"column":54}},"60":{"start":{"line":143,"column":4},"end":{"line":143,"column":67}},"61":{"start":{"line":149,"column":17},"end":{"line":149,"column":27}},"62":{"start":{"line":150,"column":17},"end":{"line":150,"column":27}},"63":{"start":{"line":151,"column":54},"end":{"line":151,"column":62}},"64":{"start":{"line":153,"column":2},"end":{"line":155,"column":3}},"65":{"start":{"line":154,"column":4},"end":{"line":154,"column":82}},"66":{"start":{"line":157,"column":2},"end":{"line":181,"column":3}},"67":{"start":{"line":158,"column":19},"end":{"line":164,"column":5}},"68":{"start":{"line":169,"column":4},"end":{"line":171,"column":5}},"69":{"start":{"line":170,"column":6},"end":{"line":170,"column":116}},"70":{"start":{"line":174,"column":4},"end":{"line":177,"column":7}},"71":{"start":{"line":179,"column":4},"end":{"line":179,"column":57}},"72":{"start":{"line":180,"column":4},"end":{"line":180,"column":67}},"73":{"start":{"line":186,"column":17},"end":{"line":186,"column":27}},"74":{"start":{"line":187,"column":33},"end":{"line":187,"column":42}},"75":{"start":{"line":189,"column":2},"end":{"line":191,"column":3}},"76":{"start":{"line":190,"column":4},"end":{"line":190,"column":95}},"77":{"start":{"line":193,"column":2},"end":{"line":234,"column":3}},"78":{"start":{"line":194,"column":25},"end":{"line":200,"column":7}},"79":{"start":{"line":202,"column":19},"end":{"line":202,"column":77}},"80":{"start":{"line":206,"column":4},"end":{"line":208,"column":5}},"81":{"start":{"line":207,"column":8},"end":{"line":207,"column":90}},"82":{"start":{"line":211,"column":20},"end":{"line":211,"column":34}},"83":{"start":{"line":213,"column":26},"end":{"line":213,"column":60}},"84":{"start":{"line":214,"column":26},"end":{"line":214,"column":60}},"85":{"start":{"line":215,"column":18},"end":{"line":215,"column":47}},"86":{"start":{"line":217,"column":25},"end":{"line":217,"column":26}},"87":{"start":{"line":218,"column":4},"end":{"line":220,"column":5}},"88":{"start":{"line":219,"column":6},"end":{"line":219,"column":53}},"89":{"start":{"line":221,"column":4},"end":{"line":223,"column":5}},"90":{"start":{"line":222,"column":6},"end":{"line":222,"column":25}},"91":{"start":{"line":225,"column":4},"end":{"line":230,"column":7}},"92":{"start":{"line":232,"column":4},"end":{"line":232,"column":63}},"93":{"start":{"line":233,"column":4},"end":{"line":233,"column":67}},"94":{"start":{"line":239,"column":17},"end":{"line":239,"column":27}},"95":{"start":{"line":240,"column":33},"end":{"line":240,"column":42}},"96":{"start":{"line":242,"column":2},"end":{"line":244,"column":3}},"97":{"start":{"line":243,"column":4},"end":{"line":243,"column":95}},"98":{"start":{"line":246,"column":2},"end":{"line":268,"column":3}},"99":{"start":{"line":247,"column":26},"end":{"line":260,"column":7}},"100":{"start":{"line":262,"column":19},"end":{"line":262,"column":78}},"101":{"start":{"line":263,"column":4},"end":{"line":263,"column":38}},"102":{"start":{"line":266,"column":4},"end":{"line":266,"column":65}},"103":{"start":{"line":267,"column":4},"end":{"line":267,"column":67}},"104":{"start":{"line":273,"column":17},"end":{"line":273,"column":27}},"105":{"start":{"line":275,"column":2},"end":{"line":297,"column":3}},"106":{"start":{"line":276,"column":26},"end":{"line":288,"column":5}},"107":{"start":{"line":291,"column":19},"end":{"line":291,"column":58}},"108":{"start":{"line":292,"column":4},"end":{"line":292,"column":38}},"109":{"start":{"line":295,"column":4},"end":{"line":295,"column":76}},"110":{"start":{"line":296,"column":4},"end":{"line":296,"column":67}},"111":{"start":{"line":301,"column":0},"end":{"line":310,"column":2}}},"fnMap":{"0":{"name":"createTransaction","decl":{"start":{"line":4,"column":15},"end":{"line":4,"column":32}},"loc":{"start":{"line":4,"column":43},"end":{"line":28,"column":1}},"line":4},"1":{"name":"getTransactions","decl":{"start":{"line":31,"column":15},"end":{"line":31,"column":30}},"loc":{"start":{"line":31,"column":41},"end":{"line":74,"column":1}},"line":31},"2":{"name":"getSummary","decl":{"start":{"line":77,"column":15},"end":{"line":77,"column":25}},"loc":{"start":{"line":77,"column":36},"end":{"line":123,"column":1}},"line":77},"3":{"name":"deleteTransaction","decl":{"start":{"line":126,"column":15},"end":{"line":126,"column":32}},"loc":{"start":{"line":126,"column":43},"end":{"line":145,"column":1}},"line":126},"4":{"name":"updateTransaction","decl":{"start":{"line":148,"column":15},"end":{"line":148,"column":32}},"loc":{"start":{"line":148,"column":43},"end":{"line":182,"column":1}},"line":148},"5":{"name":"getSummaryByPeriod","decl":{"start":{"line":185,"column":15},"end":{"line":185,"column":33}},"loc":{"start":{"line":185,"column":44},"end":{"line":235,"column":1}},"line":185},"6":{"name":"getSpendingByCategory","decl":{"start":{"line":238,"column":15},"end":{"line":238,"column":36}},"loc":{"start":{"line":238,"column":47},"end":{"line":269,"column":1}},"line":238},"7":{"name":"getSpendingByCategoryAllTime","decl":{"start":{"line":272,"column":15},"end":{"line":272,"column":43}},"loc":{"start":{"line":272,"column":54},"end":{"line":298,"column":1}},"line":272}},"branchMap":{"0":{"loc":{"start":{"line":8,"column":2},"end":{"line":10,"column":3}},"type":"if","locations":[{"start":{"line":8,"column":2},"end":{"line":10,"column":3}},{"start":{},"end":{}}],"line":8},"1":{"loc":{"start":{"line":8,"column":6},"end":{"line":8,"column":58}},"type":"binary-expr","locations":[{"start":{"line":8,"column":6},"end":{"line":8,"column":16}},{"start":{"line":8,"column":20},"end":{"line":8,"column":26}},{"start":{"line":8,"column":30},"end":{"line":8,"column":35}},{"start":{"line":8,"column":39},"end":{"line":8,"column":44}},{"start":{"line":8,"column":48},"end":{"line":8,"column":58}}],"line":8},"2":{"loc":{"start":{"line":11,"column":2},"end":{"line":13,"column":3}},"type":"if","locations":[{"start":{"line":11,"column":2},"end":{"line":13,"column":3}},{"start":{},"end":{}}],"line":11},"3":{"loc":{"start":{"line":11,"column":6},"end":{"line":11,"column":46}},"type":"binary-expr","locations":[{"start":{"line":11,"column":6},"end":{"line":11,"column":24}},{"start":{"line":11,"column":28},"end":{"line":11,"column":46}}],"line":11},"4":{"loc":{"start":{"line":34,"column":10},"end":{"line":34,"column":18}},"type":"default-arg","locations":[{"start":{"line":34,"column":17},"end":{"line":34,"column":18}}],"line":34},"5":{"loc":{"start":{"line":34,"column":20},"end":{"line":34,"column":30}},"type":"default-arg","locations":[{"start":{"line":34,"column":28},"end":{"line":34,"column":30}}],"line":34},"6":{"loc":{"start":{"line":42,"column":2},"end":{"line":45,"column":3}},"type":"if","locations":[{"start":{"line":42,"column":2},"end":{"line":45,"column":3}},{"start":{},"end":{}}],"line":42},"7":{"loc":{"start":{"line":42,"column":6},"end":{"line":42,"column":56}},"type":"binary-expr","locations":[{"start":{"line":42,"column":6},"end":{"line":42,"column":10}},{"start":{"line":42,"column":15},"end":{"line":42,"column":33}},{"start":{"line":42,"column":37},"end":{"line":42,"column":55}}],"line":42},"8":{"loc":{"start":{"line":92,"column":4},"end":{"line":96,"column":5}},"type":"if","locations":[{"start":{"line":92,"column":4},"end":{"line":96,"column":5}},{"start":{},"end":{}}],"line":92},"9":{"loc":{"start":{"line":92,"column":8},"end":{"line":92,"column":48}},"type":"binary-expr","locations":[{"start":{"line":92,"column":8},"end":{"line":92,"column":20}},{"start":{"line":92,"column":24},"end":{"line":92,"column":48}}],"line":92},"10":{"loc":{"start":{"line":106,"column":4},"end":{"line":108,"column":5}},"type":"if","locations":[{"start":{"line":106,"column":4},"end":{"line":108,"column":5}},{"start":{},"end":{}}],"line":106},"11":{"loc":{"start":{"line":109,"column":4},"end":{"line":111,"column":5}},"type":"if","locations":[{"start":{"line":109,"column":4},"end":{"line":111,"column":5}},{"start":{},"end":{}}],"line":109},"12":{"loc":{"start":{"line":136,"column":4},"end":{"line":138,"column":5}},"type":"if","locations":[{"start":{"line":136,"column":4},"end":{"line":138,"column":5}},{"start":{},"end":{}}],"line":136},"13":{"loc":{"start":{"line":153,"column":2},"end":{"line":155,"column":3}},"type":"if","locations":[{"start":{"line":153,"column":2},"end":{"line":155,"column":3}},{"start":{},"end":{}}],"line":153},"14":{"loc":{"start":{"line":153,"column":6},"end":{"line":153,"column":58}},"type":"binary-expr","locations":[{"start":{"line":153,"column":6},"end":{"line":153,"column":16}},{"start":{"line":153,"column":20},"end":{"line":153,"column":26}},{"start":{"line":153,"column":30},"end":{"line":153,"column":35}},{"start":{"line":153,"column":39},"end":{"line":153,"column":49}},{"start":{"line":153,"column":53},"end":{"line":153,"column":58}}],"line":153},"15":{"loc":{"start":{"line":169,"column":4},"end":{"line":171,"column":5}},"type":"if","locations":[{"start":{"line":169,"column":4},"end":{"line":171,"column":5}},{"start":{},"end":{}}],"line":169},"16":{"loc":{"start":{"line":189,"column":2},"end":{"line":191,"column":3}},"type":"if","locations":[{"start":{"line":189,"column":2},"end":{"line":191,"column":3}},{"start":{},"end":{}}],"line":189},"17":{"loc":{"start":{"line":189,"column":6},"end":{"line":189,"column":28}},"type":"binary-expr","locations":[{"start":{"line":189,"column":6},"end":{"line":189,"column":16}},{"start":{"line":189,"column":20},"end":{"line":189,"column":28}}],"line":189},"18":{"loc":{"start":{"line":206,"column":4},"end":{"line":208,"column":5}},"type":"if","locations":[{"start":{"line":206,"column":4},"end":{"line":208,"column":5}},{"start":{},"end":{}}],"line":206},"19":{"loc":{"start":{"line":206,"column":8},"end":{"line":206,"column":48}},"type":"binary-expr","locations":[{"start":{"line":206,"column":8},"end":{"line":206,"column":20}},{"start":{"line":206,"column":24},"end":{"line":206,"column":48}}],"line":206},"20":{"loc":{"start":{"line":218,"column":4},"end":{"line":220,"column":5}},"type":"if","locations":[{"start":{"line":218,"column":4},"end":{"line":220,"column":5}},{"start":{},"end":{}}],"line":218},"21":{"loc":{"start":{"line":221,"column":4},"end":{"line":223,"column":5}},"type":"if","locations":[{"start":{"line":221,"column":4},"end":{"line":223,"column":5}},{"start":{},"end":{}}],"line":221},"22":{"loc":{"start":{"line":242,"column":2},"end":{"line":244,"column":3}},"type":"if","locations":[{"start":{"line":242,"column":2},"end":{"line":244,"column":3}},{"start":{},"end":{}}],"line":242},"23":{"loc":{"start":{"line":242,"column":6},"end":{"line":242,"column":28}},"type":"binary-expr","locations":[{"start":{"line":242,"column":6},"end":{"line":242,"column":16}},{"start":{"line":242,"column":20},"end":{"line":242,"column":28}}],"line":242}},"s":{"0":1,"1":4,"2":4,"3":4,"4":1,"5":3,"6":1,"7":2,"8":2,"9":1,"10":1,"11":1,"12":3,"13":3,"14":3,"15":3,"16":3,"17":3,"18":3,"19":3,"20":1,"21":1,"22":3,"23":3,"24":3,"25":3,"26":2,"27":2,"28":2,"29":2,"30":2,"31":2,"32":1,"33":1,"34":4,"35":4,"36":4,"37":4,"38":3,"39":1,"40":2,"41":2,"42":2,"43":2,"44":2,"45":2,"46":2,"47":2,"48":1,"49":2,"50":1,"51":1,"52":3,"53":3,"54":3,"55":3,"56":2,"57":1,"58":1,"59":1,"60":1,"61":4,"62":4,"63":4,"64":4,"65":1,"66":3,"67":3,"68":2,"69":1,"70":1,"71":1,"72":1,"73":4,"74":4,"75":4,"76":0,"77":4,"78":4,"79":4,"80":3,"81":1,"82":2,"83":2,"84":2,"85":2,"86":2,"87":2,"88":2,"89":2,"90":1,"91":2,"92":1,"93":1,"94":3,"95":3,"96":3,"97":1,"98":2,"99":2,"100":2,"101":1,"102":1,"103":1,"104":2,"105":2,"106":2,"107":2,"108":1,"109":1,"110":1,"111":1},"f":{"0":4,"1":3,"2":4,"3":3,"4":4,"5":4,"6":3,"7":2},"b":{"0":[1,3],"1":[4,4,3,3,3],"2":[1,2],"3":[3,3],"4":[3],"5":[3],"6":[1,2],"7":[3,1,1],"8":[1,2],"9":[3,3],"10":[2,0],"11":[1,1],"12":[1,1],"13":[1,3],"14":[4,4,3,3,3],"15":[1,1],"16":[0,4],"17":[4,4],"18":[1,2],"19":[3,3],"20":[2,0],"21":[1,1],"22":[1,2],"23":[3,2]},"_coverageSchema":"1a1c01bbd47fc00a2c39e90264f33305004495a9","hash":"ab7707b8dc0a5f727915392c3353b18dd870446e"}
,"C:\\Users\\leong\\MeuProjetoFinanceiro\\SystemFinance\\backend\\src\\controllers\\userController.js": {"path":"C:\\Users\\leong\\MeuProjetoFinanceiro\\SystemFinance\\backend\\src\\controllers\\userController.js","statementMap":{"0":{"start":{"line":1,"column":15},"end":{"line":1,"column":34}},"1":{"start":{"line":2,"column":12},"end":{"line":2,"column":35}},"2":{"start":{"line":3,"column":15},"end":{"line":3,"column":32}},"3":{"start":{"line":4,"column":11},"end":{"line":4,"column":30}},"4":{"start":{"line":5,"column":25},"end":{"line":5,"column":60}},"5":{"start":{"line":7,"column":15},"end":{"line":7,"column":66}},"6":{"start":{"line":11,"column":33},"end":{"line":11,"column":41}},"7":{"start":{"line":12,"column":2},"end":{"line":12,"column":119}},"8":{"start":{"line":12,"column":35},"end":{"line":12,"column":117}},"9":{"start":{"line":13,"column":2},"end":{"line":23,"column":3}},"10":{"start":{"line":14,"column":19},"end":{"line":14,"column":82}},"11":{"start":{"line":15,"column":4},"end":{"line":15,"column":114}},"12":{"start":{"line":15,"column":34},"end":{"line":15,"column":112}},"13":{"start":{"line":16,"column":27},"end":{"line":16,"column":55}},"14":{"start":{"line":17,"column":20},"end":{"line":17,"column":153}},"15":{"start":{"line":18,"column":18},"end":{"line":18,"column":87}},"16":{"start":{"line":19,"column":4},"end":{"line":19,"column":103}},"17":{"start":{"line":21,"column":4},"end":{"line":21,"column":55}},"18":{"start":{"line":22,"column":4},"end":{"line":22,"column":67}},"19":{"start":{"line":28,"column":27},"end":{"line":28,"column":35}},"20":{"start":{"line":29,"column":2},"end":{"line":40,"column":3}},"21":{"start":{"line":30,"column":19},"end":{"line":30,"column":82}},"22":{"start":{"line":31,"column":17},"end":{"line":31,"column":31}},"23":{"start":{"line":32,"column":4},"end":{"line":32,"column":89}},"24":{"start":{"line":32,"column":17},"end":{"line":32,"column":87}},"25":{"start":{"line":33,"column":26},"end":{"line":33,"column":65}},"26":{"start":{"line":34,"column":4},"end":{"line":34,"column":98}},"27":{"start":{"line":34,"column":26},"end":{"line":34,"column":96}},"28":{"start":{"line":35,"column":18},"end":{"line":35,"column":76}},"29":{"start":{"line":36,"column":4},"end":{"line":36,"column":127}},"30":{"start":{"line":38,"column":4},"end":{"line":38,"column":49}},"31":{"start":{"line":39,"column":4},"end":{"line":39,"column":67}},"32":{"start":{"line":45,"column":20},"end":{"line":45,"column":28}},"33":{"start":{"line":46,"column":2},"end":{"line":66,"column":3}},"34":{"start":{"line":47,"column":23},"end":{"line":47,"column":86}},"35":{"start":{"line":48,"column":17},"end":{"line":48,"column":35}},"36":{"start":{"line":49,"column":4},"end":{"line":51,"column":5}},"37":{"start":{"line":50,"column":6},"end":{"line":50,"column":134}},"38":{"start":{"line":52,"column":23},"end":{"line":52,"column":61}},"39":{"start":{"line":53,"column":20},"end":{"line":53,"column":50}},"40":{"start":{"line":54,"column":4},"end":{"line":54,"column":140}},"41":{"start":{"line":55,"column":21},"end":{"line":55,"column":74}},"42":{"start":{"line":56,"column":4},"end":{"line":61,"column":7}},"43":{"start":{"line":62,"column":4},"end":{"line":62,"column":132}},"44":{"start":{"line":64,"column":4},"end":{"line":64,"column":65}},"45":{"start":{"line":65,"column":4},"end":{"line":65,"column":91}},"46":{"start":{"line":71,"column":33},"end":{"line":71,"column":41}},"47":{"start":{"line":72,"column":2},"end":{"line":72,"column":115}},"48":{"start":{"line":72,"column":32},"end":{"line":72,"column":113}},"49":{"start":{"line":73,"column":2},"end":{"line":83,"column":3}},"50":{"start":{"line":74,"column":23},"end":{"line":74,"column":136}},"51":{"start":{"line":75,"column":17},"end":{"line":75,"column":35}},"52":{"start":{"line":76,"column":4},"end":{"line":76,"column":106}},"53":{"start":{"line":76,"column":17},"end":{"line":76,"column":104}},"54":{"start":{"line":77,"column":27},"end":{"line":77,"column":61}},"55":{"start":{"line":78,"column":4},"end":{"line":78,"column":151}},"56":{"start":{"line":79,"column":4},"end":{"line":79,"column":71}},"57":{"start":{"line":81,"column":4},"end":{"line":81,"column":53}},"58":{"start":{"line":82,"column":4},"end":{"line":82,"column":67}},"59":{"start":{"line":88,"column":17},"end":{"line":88,"column":27}},"60":{"start":{"line":89,"column":2},"end":{"line":98,"column":3}},"61":{"start":{"line":90,"column":19},"end":{"line":90,"column":94}},"62":{"start":{"line":91,"column":4},"end":{"line":93,"column":5}},"63":{"start":{"line":92,"column":6},"end":{"line":92,"column":74}},"64":{"start":{"line":94,"column":4},"end":{"line":94,"column":41}},"65":{"start":{"line":96,"column":4},"end":{"line":96,"column":62}},"66":{"start":{"line":97,"column":4},"end":{"line":97,"column":67}},"67":{"start":{"line":103,"column":17},"end":{"line":103,"column":27}},"68":{"start":{"line":104,"column":26},"end":{"line":104,"column":34}},"69":{"start":{"line":106,"column":2},"end":{"line":108,"column":3}},"70":{"start":{"line":107,"column":4},"end":{"line":107,"column":80}},"71":{"start":{"line":110,"column":2},"end":{"line":129,"column":3}},"72":{"start":{"line":111,"column":23},"end":{"line":111,"column":107}},"73":{"start":{"line":112,"column":4},"end":{"line":114,"column":5}},"74":{"start":{"line":113,"column":6},"end":{"line":113,"column":94}},"75":{"start":{"line":116,"column":19},"end":{"line":119,"column":5}},"76":{"start":{"line":121,"column":4},"end":{"line":124,"column":7}},"77":{"start":{"line":127,"column":4},"end":{"line":127,"column":54}},"78":{"start":{"line":128,"column":4},"end":{"line":128,"column":67}},"79":{"start":{"line":134,"column":17},"end":{"line":134,"column":27}},"80":{"start":{"line":135,"column":37},"end":{"line":135,"column":45}},"81":{"start":{"line":137,"column":2},"end":{"line":139,"column":3}},"82":{"start":{"line":138,"column":4},"end":{"line":138,"column":92}},"83":{"start":{"line":141,"column":2},"end":{"line":164,"column":3}},"84":{"start":{"line":142,"column":23},"end":{"line":142,"column":84}},"85":{"start":{"line":143,"column":17},"end":{"line":143,"column":35}},"86":{"start":{"line":145,"column":4},"end":{"line":147,"column":5}},"87":{"start":{"line":146,"column":6},"end":{"line":146,"column":74}},"88":{"start":{"line":150,"column":20},"end":{"line":150,"column":65}},"89":{"start":{"line":151,"column":4},"end":{"line":153,"column":5}},"90":{"start":{"line":152,"column":6},"end":{"line":152,"column":73}},"91":{"start":{"line":156,"column":27},"end":{"line":156,"column":59}},"92":{"start":{"line":157,"column":4},"end":{"line":157,"column":90}},"93":{"start":{"line":159,"column":4},"end":{"line":159,"column":69}},"94":{"start":{"line":162,"column":4},"end":{"line":162,"column":51}},"95":{"start":{"line":163,"column":4},"end":{"line":163,"column":67}},"96":{"start":{"line":168,"column":0},"end":{"line":176,"column":2}}},"fnMap":{"0":{"name":"register","decl":{"start":{"line":10,"column":15},"end":{"line":10,"column":23}},"loc":{"start":{"line":10,"column":34},"end":{"line":24,"column":1}},"line":10},"1":{"name":"login","decl":{"start":{"line":27,"column":15},"end":{"line":27,"column":20}},"loc":{"start":{"line":27,"column":31},"end":{"line":41,"column":1}},"line":27},"2":{"name":"forgotPassword","decl":{"start":{"line":44,"column":15},"end":{"line":44,"column":29}},"loc":{"start":{"line":44,"column":40},"end":{"line":67,"column":1}},"line":44},"3":{"name":"resetPassword","decl":{"start":{"line":70,"column":15},"end":{"line":70,"column":28}},"loc":{"start":{"line":70,"column":39},"end":{"line":84,"column":1}},"line":70},"4":{"name":"getUserProfile","decl":{"start":{"line":87,"column":15},"end":{"line":87,"column":29}},"loc":{"start":{"line":87,"column":40},"end":{"line":99,"column":1}},"line":87},"5":{"name":"updateUserProfile","decl":{"start":{"line":102,"column":15},"end":{"line":102,"column":32}},"loc":{"start":{"line":102,"column":43},"end":{"line":130,"column":1}},"line":102},"6":{"name":"changePassword","decl":{"start":{"line":133,"column":15},"end":{"line":133,"column":29}},"loc":{"start":{"line":133,"column":40},"end":{"line":165,"column":1}},"line":133}},"branchMap":{"0":{"loc":{"start":{"line":7,"column":15},"end":{"line":7,"column":66}},"type":"binary-expr","locations":[{"start":{"line":7,"column":15},"end":{"line":7,"column":37}},{"start":{"line":7,"column":41},"end":{"line":7,"column":66}}],"line":7},"1":{"loc":{"start":{"line":12,"column":2},"end":{"line":12,"column":119}},"type":"if","locations":[{"start":{"line":12,"column":2},"end":{"line":12,"column":119}},{"start":{},"end":{}}],"line":12},"2":{"loc":{"start":{"line":12,"column":6},"end":{"line":12,"column":31}},"type":"binary-expr","locations":[{"start":{"line":12,"column":6},"end":{"line":12,"column":11}},{"start":{"line":12,"column":15},"end":{"line":12,"column":21}},{"start":{"line":12,"column":25},"end":{"line":12,"column":31}}],"line":12},"3":{"loc":{"start":{"line":15,"column":4},"end":{"line":15,"column":114}},"type":"if","locations":[{"start":{"line":15,"column":4},"end":{"line":15,"column":114}},{"start":{},"end":{}}],"line":15},"4":{"loc":{"start":{"line":32,"column":4},"end":{"line":32,"column":89}},"type":"if","locations":[{"start":{"line":32,"column":4},"end":{"line":32,"column":89}},{"start":{},"end":{}}],"line":32},"5":{"loc":{"start":{"line":34,"column":4},"end":{"line":34,"column":98}},"type":"if","locations":[{"start":{"line":34,"column":4},"end":{"line":34,"column":98}},{"start":{},"end":{}}],"line":34},"6":{"loc":{"start":{"line":49,"column":4},"end":{"line":51,"column":5}},"type":"if","locations":[{"start":{"line":49,"column":4},"end":{"line":51,"column":5}},{"start":{},"end":{}}],"line":49},"7":{"loc":{"start":{"line":72,"column":2},"end":{"line":72,"column":115}},"type":"if","locations":[{"start":{"line":72,"column":2},"end":{"line":72,"column":115}},{"start":{},"end":{}}],"line":72},"8":{"loc":{"start":{"line":72,"column":6},"end":{"line":72,"column":28}},"type":"binary-expr","locations":[{"start":{"line":72,"column":6},"end":{"line":72,"column":12}},{"start":{"line":72,"column":16},"end":{"line":72,"column":28}}],"line":72},"9":{"loc":{"start":{"line":76,"column":4},"end":{"line":76,"column":106}},"type":"if","locations":[{"start":{"line":76,"column":4},"end":{"line":76,"column":106}},{"start":{},"end":{}}],"line":76},"10":{"loc":{"start":{"line":91,"column":4},"end":{"line":93,"column":5}},"type":"if","locations":[{"start":{"line":91,"column":4},"end":{"line":93,"column":5}},{"start":{},"end":{}}],"line":91},"11":{"loc":{"start":{"line":106,"column":2},"end":{"line":108,"column":3}},"type":"if","locations":[{"start":{"line":106,"column":2},"end":{"line":108,"column":3}},{"start":{},"end":{}}],"line":106},"12":{"loc":{"start":{"line":106,"column":6},"end":{"line":106,"column":21}},"type":"binary-expr","locations":[{"start":{"line":106,"column":6},"end":{"line":106,"column":11}},{"start":{"line":106,"column":15},"end":{"line":106,"column":21}}],"line":106},"13":{"loc":{"start":{"line":112,"column":4},"end":{"line":114,"column":5}},"type":"if","locations":[{"start":{"line":112,"column":4},"end":{"line":114,"column":5}},{"start":{},"end":{}}],"line":112},"14":{"loc":{"start":{"line":137,"column":2},"end":{"line":139,"column":3}},"type":"if","locations":[{"start":{"line":137,"column":2},"end":{"line":139,"column":3}},{"start":{},"end":{}}],"line":137},"15":{"loc":{"start":{"line":137,"column":6},"end":{"line":137,"column":32}},"type":"binary-expr","locations":[{"start":{"line":137,"column":6},"end":{"line":137,"column":18}},{"start":{"line":137,"column":22},"end":{"line":137,"column":32}}],"line":137},"16":{"loc":{"start":{"line":145,"column":4},"end":{"line":147,"column":5}},"type":"if","locations":[{"start":{"line":145,"column":4},"end":{"line":147,"column":5}},{"start":{},"end":{}}],"line":145},"17":{"loc":{"start":{"line":151,"column":4},"end":{"line":153,"column":5}},"type":"if","locations":[{"start":{"line":151,"column":4},"end":{"line":153,"column":5}},{"start":{},"end":{}}],"line":151}},"s":{"0":1,"1":1,"2":1,"3":1,"4":1,"5":1,"6":4,"7":4,"8":1,"9":3,"10":3,"11":2,"12":1,"13":1,"14":1,"15":1,"16":1,"17":1,"18":1,"19":4,"20":4,"21":4,"22":3,"23":3,"24":1,"25":2,"26":2,"27":1,"28":1,"29":1,"30":1,"31":1,"32":3,"33":3,"34":3,"35":2,"36":2,"37":1,"38":1,"39":1,"40":1,"41":1,"42":1,"43":1,"44":1,"45":1,"46":4,"47":4,"48":1,"49":3,"50":3,"51":2,"52":2,"53":1,"54":1,"55":1,"56":1,"57":1,"58":1,"59":3,"60":3,"61":3,"62":2,"63":1,"64":1,"65":1,"66":1,"67":4,"68":4,"69":4,"70":1,"71":3,"72":3,"73":2,"74":1,"75":1,"76":1,"77":1,"78":1,"79":5,"80":5,"81":5,"82":1,"83":4,"84":4,"85":3,"86":3,"87":1,"88":2,"89":2,"90":1,"91":1,"92":1,"93":1,"94":1,"95":1,"96":1},"f":{"0":4,"1":4,"2":3,"3":4,"4":3,"5":4,"6":5},"b":{"0":[1,1],"1":[1,3],"2":[4,4,3],"3":[1,1],"4":[1,2],"5":[1,1],"6":[1,1],"7":[1,3],"8":[4,4],"9":[1,1],"10":[1,1],"11":[1,3],"12":[4,4],"13":[1,1],"14":[1,4],"15":[5,5],"16":[1,2],"17":[1,1]},"_coverageSchema":"1a1c01bbd47fc00a2c39e90264f33305004495a9","hash":"61dfa3ff84b050b4718121d1556c65aebe2033c4"}
,"C:\\Users\\leong\\MeuProjetoFinanceiro\\SystemFinance\\backend\\src\\db\\db.js": {"path":"C:\\Users\\leong\\MeuProjetoFinanceiro\\SystemFinance\\backend\\src\\db\\db.js","statementMap":{"0":{"start":{"line":1,"column":17},"end":{"line":1,"column":30}},"1":{"start":{"line":2,"column":0},"end":{"line":2,"column":27}},"2":{"start":{"line":4,"column":13},"end":{"line":10,"column":2}},"3":{"start":{"line":12,"column":0},"end":{"line":14,"column":2}},"4":{"start":{"line":13,"column":27},"end":{"line":13,"column":51}}},"fnMap":{"0":{"name":"(anonymous_0)","decl":{"start":{"line":13,"column":9},"end":{"line":13,"column":10}},"loc":{"start":{"line":13,"column":27},"end":{"line":13,"column":51}},"line":13}},"branchMap":{},"s":{"0":4,"1":4,"2":4,"3":4,"4":0},"f":{"0":0},"b":{},"_coverageSchema":"1a1c01bbd47fc00a2c39e90264f33305004495a9","hash":"d763c4bf0e2ed5cbd4d492db5029f8e5a9b68e6d"}
}
