{"C:\\Users\\leong\\MeuProjetoFinanceiro\\SystemFinance\\backend\\src\\controllers\\transactionsController.js": {"path":"C:\\Users\\leong\\MeuProjetoFinanceiro\\SystemFinance\\backend\\src\\controllers\\transactionsController.js","statementMap":{"0":{"start":{"line":1,"column":11},"end":{"line":1,"column":30}},"1":{"start":{"line":5,"column":17},"end":{"line":5,"column":27}},"2":{"start":{"line":6,"column":54},"end":{"line":6,"column":62}},"3":{"start":{"line":8,"column":2},"end":{"line":10,"column":3}},"4":{"start":{"line":9,"column":4},"end":{"line":9,"column":82}},"5":{"start":{"line":11,"column":2},"end":{"line":13,"column":3}},"6":{"start":{"line":12,"column":4},"end":{"line":12,"column":101}},"7":{"start":{"line":15,"column":2},"end":{"line":27,"column":3}},"8":{"start":{"line":16,"column":27},"end":{"line":19,"column":5}},"9":{"start":{"line":20,"column":4},"end":{"line":23,"column":7}},"10":{"start":{"line":25,"column":4},"end":{"line":25,"column":57}},"11":{"start":{"line":26,"column":4},"end":{"line":26,"column":67}},"12":{"start":{"line":32,"column":17},"end":{"line":32,"column":27}},"13":{"start":{"line":34,"column":41},"end":{"line":34,"column":50}},"14":{"start":{"line":35,"column":18},"end":{"line":35,"column":36}},"15":{"start":{"line":36,"column":19},"end":{"line":36,"column":38}},"16":{"start":{"line":37,"column":17},"end":{"line":37,"column":41}},"17":{"start":{"line":39,"column":20},"end":{"line":39,"column":46}},"18":{"start":{"line":40,"column":21},"end":{"line":40,"column":37}},"19":{"start":{"line":42,"column":2},"end":{"line":45,"column":3}},"20":{"start":{"line":43,"column":4},"end":{"line":43,"column":59}},"21":{"start":{"line":44,"column":4},"end":{"line":44,"column":27}},"22":{"start":{"line":46,"column":22},"end":{"line":46,"column":48}},"23":{"start":{"line":48,"column":2},"end":{"line":73,"column":3}},"24":{"start":{"line":49,"column":30},"end":{"line":54,"column":5}},"25":{"start":{"line":55,"column":31},"end":{"line":55,"column":77}},"26":{"start":{"line":57,"column":23},"end":{"line":57,"column":80}},"27":{"start":{"line":58,"column":24},"end":{"line":58,"column":65}},"28":{"start":{"line":59,"column":24},"end":{"line":59,"column":63}},"29":{"start":{"line":61,"column":23},"end":{"line":61,"column":62}},"30":{"start":{"line":62,"column":23},"end":{"line":62,"column":55}},"31":{"start":{"line":64,"column":4},"end":{"line":69,"column":7}},"32":{"start":{"line":71,"column":4},"end":{"line":71,"column":69}},"33":{"start":{"line":72,"column":4},"end":{"line":72,"column":67}},"34":{"start":{"line":78,"column":19},"end":{"line":78,"column":29}},"35":{"start":{"line":80,"column":4},"end":{"line":113,"column":5}},"36":{"start":{"line":81,"column":27},"end":{"line":87,"column":7}},"37":{"start":{"line":88,"column":21},"end":{"line":88,"column":59}},"38":{"start":{"line":90,"column":22},"end":{"line":90,"column":36}},"39":{"start":{"line":91,"column":28},"end":{"line":91,"column":62}},"40":{"start":{"line":92,"column":28},"end":{"line":92,"column":62}},"41":{"start":{"line":93,"column":20},"end":{"line":93,"column":49}},"42":{"start":{"line":96,"column":27},"end":{"line":96,"column":28}},"43":{"start":{"line":97,"column":6},"end":{"line":99,"column":7}},"44":{"start":{"line":98,"column":8},"end":{"line":98,"column":55}},"45":{"start":{"line":100,"column":6},"end":{"line":102,"column":7}},"46":{"start":{"line":101,"column":8},"end":{"line":101,"column":27}},"47":{"start":{"line":104,"column":6},"end":{"line":109,"column":9}},"48":{"start":{"line":111,"column":6},"end":{"line":111,"column":64}},"49":{"start":{"line":112,"column":6},"end":{"line":112,"column":69}},"50":{"start":{"line":118,"column":19},"end":{"line":118,"column":29}},"51":{"start":{"line":119,"column":19},"end":{"line":119,"column":29}},"52":{"start":{"line":121,"column":4},"end":{"line":135,"column":5}},"53":{"start":{"line":122,"column":21},"end":{"line":125,"column":7}},"54":{"start":{"line":127,"column":6},"end":{"line":129,"column":7}},"55":{"start":{"line":128,"column":8},"end":{"line":128,"column":118}},"56":{"start":{"line":131,"column":6},"end":{"line":131,"column":74}},"57":{"start":{"line":133,"column":6},"end":{"line":133,"column":56}},"58":{"start":{"line":134,"column":6},"end":{"line":134,"column":69}},"59":{"start":{"line":140,"column":19},"end":{"line":140,"column":29}},"60":{"start":{"line":141,"column":19},"end":{"line":141,"column":29}},"61":{"start":{"line":142,"column":56},"end":{"line":142,"column":64}},"62":{"start":{"line":144,"column":4},"end":{"line":146,"column":5}},"63":{"start":{"line":145,"column":6},"end":{"line":145,"column":84}},"64":{"start":{"line":148,"column":4},"end":{"line":168,"column":5}},"65":{"start":{"line":149,"column":21},"end":{"line":155,"column":7}},"66":{"start":{"line":157,"column":6},"end":{"line":159,"column":7}},"67":{"start":{"line":158,"column":8},"end":{"line":158,"column":118}},"68":{"start":{"line":161,"column":6},"end":{"line":164,"column":9}},"69":{"start":{"line":166,"column":6},"end":{"line":166,"column":59}},"70":{"start":{"line":167,"column":6},"end":{"line":167,"column":69}},"71":{"start":{"line":173,"column":19},"end":{"line":173,"column":29}},"72":{"start":{"line":174,"column":35},"end":{"line":174,"column":44}},"73":{"start":{"line":176,"column":4},"end":{"line":178,"column":5}},"74":{"start":{"line":177,"column":6},"end":{"line":177,"column":97}},"75":{"start":{"line":180,"column":4},"end":{"line":213,"column":5}},"76":{"start":{"line":181,"column":27},"end":{"line":187,"column":7}},"77":{"start":{"line":189,"column":21},"end":{"line":189,"column":79}},"78":{"start":{"line":190,"column":22},"end":{"line":190,"column":36}},"79":{"start":{"line":192,"column":28},"end":{"line":192,"column":62}},"80":{"start":{"line":193,"column":28},"end":{"line":193,"column":62}},"81":{"start":{"line":194,"column":20},"end":{"line":194,"column":49}},"82":{"start":{"line":196,"column":27},"end":{"line":196,"column":28}},"83":{"start":{"line":197,"column":6},"end":{"line":199,"column":7}},"84":{"start":{"line":198,"column":8},"end":{"line":198,"column":55}},"85":{"start":{"line":200,"column":6},"end":{"line":202,"column":7}},"86":{"start":{"line":201,"column":8},"end":{"line":201,"column":27}},"87":{"start":{"line":204,"column":6},"end":{"line":209,"column":9}},"88":{"start":{"line":211,"column":6},"end":{"line":211,"column":65}},"89":{"start":{"line":212,"column":6},"end":{"line":212,"column":69}},"90":{"start":{"line":218,"column":19},"end":{"line":218,"column":29}},"91":{"start":{"line":219,"column":35},"end":{"line":219,"column":44}},"92":{"start":{"line":221,"column":4},"end":{"line":223,"column":5}},"93":{"start":{"line":222,"column":6},"end":{"line":222,"column":97}},"94":{"start":{"line":225,"column":4},"end":{"line":247,"column":5}},"95":{"start":{"line":226,"column":28},"end":{"line":239,"column":7}},"96":{"start":{"line":241,"column":21},"end":{"line":241,"column":80}},"97":{"start":{"line":242,"column":6},"end":{"line":242,"column":40}},"98":{"start":{"line":245,"column":6},"end":{"line":245,"column":67}},"99":{"start":{"line":246,"column":6},"end":{"line":246,"column":69}},"100":{"start":{"line":252,"column":17},"end":{"line":252,"column":27}},"101":{"start":{"line":254,"column":2},"end":{"line":276,"column":3}},"102":{"start":{"line":255,"column":26},"end":{"line":267,"column":5}},"103":{"start":{"line":270,"column":19},"end":{"line":270,"column":58}},"104":{"start":{"line":271,"column":4},"end":{"line":271,"column":38}},"105":{"start":{"line":274,"column":4},"end":{"line":274,"column":76}},"106":{"start":{"line":275,"column":4},"end":{"line":275,"column":67}},"107":{"start":{"line":280,"column":0},"end":{"line":289,"column":2}}},"fnMap":{"0":{"name":"createTransaction","decl":{"start":{"line":4,"column":15},"end":{"line":4,"column":32}},"loc":{"start":{"line":4,"column":43},"end":{"line":28,"column":1}},"line":4},"1":{"name":"getTransactions","decl":{"start":{"line":31,"column":15},"end":{"line":31,"column":30}},"loc":{"start":{"line":31,"column":41},"end":{"line":74,"column":1}},"line":31},"2":{"name":"getSummary","decl":{"start":{"line":77,"column":15},"end":{"line":77,"column":25}},"loc":{"start":{"line":77,"column":36},"end":{"line":114,"column":1}},"line":77},"3":{"name":"deleteTransaction","decl":{"start":{"line":117,"column":15},"end":{"line":117,"column":32}},"loc":{"start":{"line":117,"column":43},"end":{"line":136,"column":1}},"line":117},"4":{"name":"updateTransaction","decl":{"start":{"line":139,"column":15},"end":{"line":139,"column":32}},"loc":{"start":{"line":139,"column":43},"end":{"line":169,"column":1}},"line":139},"5":{"name":"getSummaryByPeriod","decl":{"start":{"line":172,"column":15},"end":{"line":172,"column":33}},"loc":{"start":{"line":172,"column":44},"end":{"line":214,"column":1}},"line":172},"6":{"name":"getSpendingByCategory","decl":{"start":{"line":217,"column":15},"end":{"line":217,"column":36}},"loc":{"start":{"line":217,"column":47},"end":{"line":248,"column":1}},"line":217},"7":{"name":"getSpendingByCategoryAllTime","decl":{"start":{"line":251,"column":15},"end":{"line":251,"column":43}},"loc":{"start":{"line":251,"column":54},"end":{"line":277,"column":1}},"line":251}},"branchMap":{"0":{"loc":{"start":{"line":8,"column":2},"end":{"line":10,"column":3}},"type":"if","locations":[{"start":{"line":8,"column":2},"end":{"line":10,"column":3}},{"start":{},"end":{}}],"line":8},"1":{"loc":{"start":{"line":8,"column":6},"end":{"line":8,"column":58}},"type":"binary-expr","locations":[{"start":{"line":8,"column":6},"end":{"line":8,"column":16}},{"start":{"line":8,"column":20},"end":{"line":8,"column":26}},{"start":{"line":8,"column":30},"end":{"line":8,"column":35}},{"start":{"line":8,"column":39},"end":{"line":8,"column":44}},{"start":{"line":8,"column":48},"end":{"line":8,"column":58}}],"line":8},"2":{"loc":{"start":{"line":11,"column":2},"end":{"line":13,"column":3}},"type":"if","locations":[{"start":{"line":11,"column":2},"end":{"line":13,"column":3}},{"start":{},"end":{}}],"line":11},"3":{"loc":{"start":{"line":11,"column":6},"end":{"line":11,"column":46}},"type":"binary-expr","locations":[{"start":{"line":11,"column":6},"end":{"line":11,"column":24}},{"start":{"line":11,"column":28},"end":{"line":11,"column":46}}],"line":11},"4":{"loc":{"start":{"line":34,"column":10},"end":{"line":34,"column":18}},"type":"default-arg","locations":[{"start":{"line":34,"column":17},"end":{"line":34,"column":18}}],"line":34},"5":{"loc":{"start":{"line":34,"column":20},"end":{"line":34,"column":30}},"type":"default-arg","locations":[{"start":{"line":34,"column":28},"end":{"line":34,"column":30}}],"line":34},"6":{"loc":{"start":{"line":42,"column":2},"end":{"line":45,"column":3}},"type":"if","locations":[{"start":{"line":42,"column":2},"end":{"line":45,"column":3}},{"start":{},"end":{}}],"line":42},"7":{"loc":{"start":{"line":42,"column":6},"end":{"line":42,"column":56}},"type":"binary-expr","locations":[{"start":{"line":42,"column":6},"end":{"line":42,"column":10}},{"start":{"line":42,"column":15},"end":{"line":42,"column":33}},{"start":{"line":42,"column":37},"end":{"line":42,"column":55}}],"line":42},"8":{"loc":{"start":{"line":97,"column":6},"end":{"line":99,"column":7}},"type":"if","locations":[{"start":{"line":97,"column":6},"end":{"line":99,"column":7}},{"start":{},"end":{}}],"line":97},"9":{"loc":{"start":{"line":100,"column":6},"end":{"line":102,"column":7}},"type":"if","locations":[{"start":{"line":100,"column":6},"end":{"line":102,"column":7}},{"start":{},"end":{}}],"line":100},"10":{"loc":{"start":{"line":127,"column":6},"end":{"line":129,"column":7}},"type":"if","locations":[{"start":{"line":127,"column":6},"end":{"line":129,"column":7}},{"start":{},"end":{}}],"line":127},"11":{"loc":{"start":{"line":144,"column":4},"end":{"line":146,"column":5}},"type":"if","locations":[{"start":{"line":144,"column":4},"end":{"line":146,"column":5}},{"start":{},"end":{}}],"line":144},"12":{"loc":{"start":{"line":144,"column":8},"end":{"line":144,"column":60}},"type":"binary-expr","locations":[{"start":{"line":144,"column":8},"end":{"line":144,"column":18}},{"start":{"line":144,"column":22},"end":{"line":144,"column":28}},{"start":{"line":144,"column":32},"end":{"line":144,"column":37}},{"start":{"line":144,"column":41},"end":{"line":144,"column":51}},{"start":{"line":144,"column":55},"end":{"line":144,"column":60}}],"line":144},"13":{"loc":{"start":{"line":157,"column":6},"end":{"line":159,"column":7}},"type":"if","locations":[{"start":{"line":157,"column":6},"end":{"line":159,"column":7}},{"start":{},"end":{}}],"line":157},"14":{"loc":{"start":{"line":176,"column":4},"end":{"line":178,"column":5}},"type":"if","locations":[{"start":{"line":176,"column":4},"end":{"line":178,"column":5}},{"start":{},"end":{}}],"line":176},"15":{"loc":{"start":{"line":176,"column":8},"end":{"line":176,"column":30}},"type":"binary-expr","locations":[{"start":{"line":176,"column":8},"end":{"line":176,"column":18}},{"start":{"line":176,"column":22},"end":{"line":176,"column":30}}],"line":176},"16":{"loc":{"start":{"line":197,"column":6},"end":{"line":199,"column":7}},"type":"if","locations":[{"start":{"line":197,"column":6},"end":{"line":199,"column":7}},{"start":{},"end":{}}],"line":197},"17":{"loc":{"start":{"line":200,"column":6},"end":{"line":202,"column":7}},"type":"if","locations":[{"start":{"line":200,"column":6},"end":{"line":202,"column":7}},{"start":{},"end":{}}],"line":200},"18":{"loc":{"start":{"line":221,"column":4},"end":{"line":223,"column":5}},"type":"if","locations":[{"start":{"line":221,"column":4},"end":{"line":223,"column":5}},{"start":{},"end":{}}],"line":221},"19":{"loc":{"start":{"line":221,"column":8},"end":{"line":221,"column":30}},"type":"binary-expr","locations":[{"start":{"line":221,"column":8},"end":{"line":221,"column":18}},{"start":{"line":221,"column":22},"end":{"line":221,"column":30}}],"line":221}},"s":{"0":1,"1":2,"2":2,"3":2,"4":1,"5":1,"6":0,"7":1,"8":1,"9":1,"10":0,"11":0,"12":2,"13":2,"14":2,"15":2,"16":2,"17":2,"18":2,"19":2,"20":1,"21":1,"22":2,"23":2,"24":2,"25":2,"26":2,"27":2,"28":2,"29":2,"30":2,"31":2,"32":0,"33":0,"34":0,"35":0,"36":0,"37":0,"38":0,"39":0,"40":0,"41":0,"42":0,"43":0,"44":0,"45":0,"46":0,"47":0,"48":0,"49":0,"50":2,"51":2,"52":2,"53":2,"54":2,"55":1,"56":1,"57":0,"58":0,"59":3,"60":3,"61":3,"62":3,"63":1,"64":2,"65":2,"66":2,"67":1,"68":1,"69":0,"70":0,"71":1,"72":1,"73":1,"74":0,"75":1,"76":1,"77":1,"78":1,"79":1,"80":1,"81":1,"82":1,"83":1,"84":1,"85":1,"86":0,"87":1,"88":0,"89":0,"90":0,"91":0,"92":0,"93":0,"94":0,"95":0,"96":0,"97":0,"98":0,"99":0,"100":0,"101":0,"102":0,"103":0,"104":0,"105":0,"106":0,"107":1},"f":{"0":2,"1":2,"2":0,"3":2,"4":3,"5":1,"6":0,"7":0},"b":{"0":[1,1],"1":[2,2,1,1,1],"2":[0,1],"3":[1,1],"4":[2],"5":[2],"6":[1,1],"7":[2,1,1],"8":[0,0],"9":[0,0],"10":[1,1],"11":[1,2],"12":[3,3,2,2,2],"13":[1,1],"14":[0,1],"15":[1,1],"16":[1,0],"17":[0,1],"18":[0,0],"19":[0,0]},"_coverageSchema":"1a1c01bbd47fc00a2c39e90264f33305004495a9","hash":"8a4ce84a616ea44497d612699d3fc49cbc97cadf"}
,"C:\\Users\\leong\\MeuProjetoFinanceiro\\SystemFinance\\backend\\src\\db\\db.js": {"path":"C:\\Users\\leong\\MeuProjetoFinanceiro\\SystemFinance\\backend\\src\\db\\db.js","statementMap":{"0":{"start":{"line":1,"column":17},"end":{"line":1,"column":30}},"1":{"start":{"line":2,"column":0},"end":{"line":2,"column":27}},"2":{"start":{"line":4,"column":13},"end":{"line":10,"column":2}},"3":{"start":{"line":12,"column":0},"end":{"line":14,"column":2}},"4":{"start":{"line":13,"column":27},"end":{"line":13,"column":51}}},"fnMap":{"0":{"name":"(anonymous_0)","decl":{"start":{"line":13,"column":9},"end":{"line":13,"column":10}},"loc":{"start":{"line":13,"column":27},"end":{"line":13,"column":51}},"line":13}},"branchMap":{},"s":{"0":1,"1":1,"2":1,"3":1,"4":0},"f":{"0":0},"b":{},"_coverageSchema":"1a1c01bbd47fc00a2c39e90264f33305004495a9","hash":"d763c4bf0e2ed5cbd4d492db5029f8e5a9b68e6d"}
}
