TN:
SF:src\controllers\transactionsController.js
FN:4,createTransaction
FN:31,getTransactions
FN:77,getSummary
FN:126,deleteTransaction
FN:148,updateTransaction
FN:185,getSummaryByPeriod
FN:238,getSpendingByCategory
FN:272,getSpendingByCategoryAllTime
FNF:8
FNH:8
FNDA:4,createTransaction
FNDA:3,getTransactions
FNDA:4,getSummary
FNDA:3,deleteTransaction
FNDA:4,updateTransaction
FNDA:4,getSummaryByPeriod
FNDA:3,getSpendingByCategory
FNDA:2,getSpendingByCategoryAllTime
DA:1,1
DA:5,4
DA:6,4
DA:8,4
DA:9,1
DA:11,3
DA:12,1
DA:15,2
DA:16,2
DA:20,1
DA:25,1
DA:26,1
DA:32,3
DA:34,3
DA:35,3
DA:36,3
DA:37,3
DA:39,3
DA:40,3
DA:42,3
DA:43,1
DA:44,1
DA:46,3
DA:48,3
DA:49,3
DA:55,3
DA:57,2
DA:58,2
DA:59,2
DA:61,2
DA:62,2
DA:64,2
DA:71,1
DA:72,1
DA:78,4
DA:80,4
DA:81,4
DA:88,4
DA:92,3
DA:95,1
DA:99,2
DA:100,2
DA:101,2
DA:102,2
DA:105,2
DA:106,2
DA:107,2
DA:109,2
DA:110,1
DA:113,2
DA:120,1
DA:121,1
DA:127,3
DA:128,3
DA:130,3
DA:131,3
DA:136,2
DA:137,1
DA:140,1
DA:142,1
DA:143,1
DA:149,4
DA:150,4
DA:151,4
DA:153,4
DA:154,1
DA:157,3
DA:158,3
DA:169,2
DA:170,1
DA:174,1
DA:179,1
DA:180,1
DA:186,4
DA:187,4
DA:189,4
DA:190,0
DA:193,4
DA:194,4
DA:202,4
DA:206,3
DA:207,1
DA:211,2
DA:213,2
DA:214,2
DA:215,2
DA:217,2
DA:218,2
DA:219,2
DA:221,2
DA:222,1
DA:225,2
DA:232,1
DA:233,1
DA:239,3
DA:240,3
DA:242,3
DA:243,1
DA:246,2
DA:247,2
DA:262,2
DA:263,1
DA:266,1
DA:267,1
DA:273,2
DA:275,2
DA:276,2
DA:291,2
DA:292,1
DA:295,1
DA:296,1
DA:301,1
LF:112
LH:111
BRDA:8,0,0,1
BRDA:8,0,1,3
BRDA:8,1,0,4
BRDA:8,1,1,4
BRDA:8,1,2,3
BRDA:8,1,3,3
BRDA:8,1,4,3
BRDA:11,2,0,1
BRDA:11,2,1,2
BRDA:11,3,0,3
BRDA:11,3,1,3
BRDA:34,4,0,3
BRDA:34,5,0,3
BRDA:42,6,0,1
BRDA:42,6,1,2
BRDA:42,7,0,3
BRDA:42,7,1,1
BRDA:42,7,2,1
BRDA:92,8,0,1
BRDA:92,8,1,2
BRDA:92,9,0,3
BRDA:92,9,1,3
BRDA:106,10,0,2
BRDA:106,10,1,0
BRDA:109,11,0,1
BRDA:109,11,1,1
BRDA:136,12,0,1
BRDA:136,12,1,1
BRDA:153,13,0,1
BRDA:153,13,1,3
BRDA:153,14,0,4
BRDA:153,14,1,4
BRDA:153,14,2,3
BRDA:153,14,3,3
BRDA:153,14,4,3
BRDA:169,15,0,1
BRDA:169,15,1,1
BRDA:189,16,0,0
BRDA:189,16,1,4
BRDA:189,17,0,4
BRDA:189,17,1,4
BRDA:206,18,0,1
BRDA:206,18,1,2
BRDA:206,19,0,3
BRDA:206,19,1,3
BRDA:218,20,0,2
BRDA:218,20,1,0
BRDA:221,21,0,1
BRDA:221,21,1,1
BRDA:242,22,0,1
BRDA:242,22,1,2
BRDA:242,23,0,3
BRDA:242,23,1,2
BRF:53
BRH:50
end_of_record
TN:
SF:src\controllers\userController.js
FN:10,register
FN:27,login
FN:44,forgotPassword
FN:70,resetPassword
FN:87,getUserProfile
FN:102,updateUserProfile
FN:133,changePassword
FNF:7
FNH:7
FNDA:4,register
FNDA:4,login
FNDA:3,forgotPassword
FNDA:4,resetPassword
FNDA:3,getUserProfile
FNDA:4,updateUserProfile
FNDA:5,changePassword
DA:1,1
DA:2,1
DA:3,1
DA:4,1
DA:5,1
DA:7,1
DA:11,4
DA:12,4
DA:13,3
DA:14,3
DA:15,2
DA:16,1
DA:17,1
DA:18,1
DA:19,1
DA:21,1
DA:22,1
DA:28,4
DA:29,4
DA:30,4
DA:31,3
DA:32,3
DA:33,2
DA:34,2
DA:35,1
DA:36,1
DA:38,1
DA:39,1
DA:45,3
DA:46,3
DA:47,3
DA:48,2
DA:49,2
DA:50,1
DA:52,1
DA:53,1
DA:54,1
DA:55,1
DA:56,1
DA:62,1
DA:64,1
DA:65,1
DA:71,4
DA:72,4
DA:73,3
DA:74,3
DA:75,2
DA:76,2
DA:77,1
DA:78,1
DA:79,1
DA:81,1
DA:82,1
DA:88,3
DA:89,3
DA:90,3
DA:91,2
DA:92,1
DA:94,1
DA:96,1
DA:97,1
DA:103,4
DA:104,4
DA:106,4
DA:107,1
DA:110,3
DA:111,3
DA:112,2
DA:113,1
DA:116,1
DA:121,1
DA:127,1
DA:128,1
DA:134,5
DA:135,5
DA:137,5
DA:138,1
DA:141,4
DA:142,4
DA:143,3
DA:145,3
DA:146,1
DA:150,2
DA:151,2
DA:152,1
DA:156,1
DA:157,1
DA:159,1
DA:162,1
DA:163,1
DA:168,1
LF:91
LH:91
BRDA:7,0,0,1
BRDA:7,0,1,1
BRDA:12,1,0,1
BRDA:12,1,1,3
BRDA:12,2,0,4
BRDA:12,2,1,4
BRDA:12,2,2,3
BRDA:15,3,0,1
BRDA:15,3,1,1
BRDA:32,4,0,1
BRDA:32,4,1,2
BRDA:34,5,0,1
BRDA:34,5,1,1
BRDA:49,6,0,1
BRDA:49,6,1,1
BRDA:72,7,0,1
BRDA:72,7,1,3
BRDA:72,8,0,4
BRDA:72,8,1,4
BRDA:76,9,0,1
BRDA:76,9,1,1
BRDA:91,10,0,1
BRDA:91,10,1,1
BRDA:106,11,0,1
BRDA:106,11,1,3
BRDA:106,12,0,4
BRDA:106,12,1,4
BRDA:112,13,0,1
BRDA:112,13,1,1
BRDA:137,14,0,1
BRDA:137,14,1,4
BRDA:137,15,0,5
BRDA:137,15,1,5
BRDA:145,16,0,1
BRDA:145,16,1,2
BRDA:151,17,0,1
BRDA:151,17,1,1
BRF:37
BRH:37
end_of_record
TN:
SF:src\db\db.js
FN:13,(anonymous_0)
FNF:1
FNH:0
FNDA:0,(anonymous_0)
DA:1,4
DA:2,4
DA:4,4
DA:12,4
DA:13,0
LF:5
LH:4
BRF:0
BRH:0
end_of_record
