TN:
SF:src\controllers\transactionsController.js
FN:4,createTransaction
FN:31,getTransactions
FN:77,getSummary
FN:117,deleteTransaction
FN:139,updateTransaction
FN:172,getSummaryByPeriod
FN:217,getSpendingByCategory
FN:251,getSpendingByCategoryAllTime
FNF:8
FNH:5
FNDA:2,createTransaction
FNDA:2,getTransactions
FNDA:0,getSummary
FNDA:2,deleteTransaction
FNDA:3,updateTransaction
FNDA:1,getSummaryByPeriod
FNDA:0,getSpendingByCategory
FNDA:0,getSpendingByCategoryAllTime
DA:1,1
DA:5,2
DA:6,2
DA:8,2
DA:9,1
DA:11,1
DA:12,0
DA:15,1
DA:16,1
DA:20,1
DA:25,0
DA:26,0
DA:32,2
DA:34,2
DA:35,2
DA:36,2
DA:37,2
DA:39,2
DA:40,2
DA:42,2
DA:43,1
DA:44,1
DA:46,2
DA:48,2
DA:49,2
DA:55,2
DA:57,2
DA:58,2
DA:59,2
DA:61,2
DA:62,2
DA:64,2
DA:71,0
DA:72,0
DA:78,0
DA:80,0
DA:81,0
DA:88,0
DA:90,0
DA:91,0
DA:92,0
DA:93,0
DA:96,0
DA:97,0
DA:98,0
DA:100,0
DA:101,0
DA:104,0
DA:111,0
DA:112,0
DA:118,2
DA:119,2
DA:121,2
DA:122,2
DA:127,2
DA:128,1
DA:131,1
DA:133,0
DA:134,0
DA:140,3
DA:141,3
DA:142,3
DA:144,3
DA:145,1
DA:148,2
DA:149,2
DA:157,2
DA:158,1
DA:161,1
DA:166,0
DA:167,0
DA:173,1
DA:174,1
DA:176,1
DA:177,0
DA:180,1
DA:181,1
DA:189,1
DA:190,1
DA:192,1
DA:193,1
DA:194,1
DA:196,1
DA:197,1
DA:198,1
DA:200,1
DA:201,0
DA:204,1
DA:211,0
DA:212,0
DA:218,0
DA:219,0
DA:221,0
DA:222,0
DA:225,0
DA:226,0
DA:241,0
DA:242,0
DA:245,0
DA:246,0
DA:252,0
DA:254,0
DA:255,0
DA:270,0
DA:271,0
DA:274,0
DA:275,0
DA:280,1
LF:108
LH:62
BRDA:8,0,0,1
BRDA:8,0,1,1
BRDA:8,1,0,2
BRDA:8,1,1,2
BRDA:8,1,2,1
BRDA:8,1,3,1
BRDA:8,1,4,1
BRDA:11,2,0,0
BRDA:11,2,1,1
BRDA:11,3,0,1
BRDA:11,3,1,1
BRDA:34,4,0,2
BRDA:34,5,0,2
BRDA:42,6,0,1
BRDA:42,6,1,1
BRDA:42,7,0,2
BRDA:42,7,1,1
BRDA:42,7,2,1
BRDA:97,8,0,0
BRDA:97,8,1,0
BRDA:100,9,0,0
BRDA:100,9,1,0
BRDA:127,10,0,1
BRDA:127,10,1,1
BRDA:144,11,0,1
BRDA:144,11,1,2
BRDA:144,12,0,3
BRDA:144,12,1,3
BRDA:144,12,2,2
BRDA:144,12,3,2
BRDA:144,12,4,2
BRDA:157,13,0,1
BRDA:157,13,1,1
BRDA:176,14,0,0
BRDA:176,14,1,1
BRDA:176,15,0,1
BRDA:176,15,1,1
BRDA:197,16,0,1
BRDA:197,16,1,0
BRDA:200,17,0,0
BRDA:200,17,1,1
BRDA:221,18,0,0
BRDA:221,18,1,0
BRDA:221,19,0,0
BRDA:221,19,1,0
BRF:45
BRH:33
end_of_record
TN:
SF:src\db\db.js
FN:13,(anonymous_0)
FNF:1
FNH:0
FNDA:0,(anonymous_0)
DA:1,1
DA:2,1
DA:4,1
DA:12,1
DA:13,0
LF:5
LH:4
BRF:0
BRH:0
end_of_record
